23.7944 	EXP 	Created window1 = Window(allowGUI=False, allowStencil=False, args=UNKNOWN, autoLog=True, bitsMode=UNKNOWN, blendMode='avg', color=array([0., 0., 0.]), colorSpace='rgb', fullscr=<method-wrapper '__getattribute__' of attributeSetter object at 0x1300bab70>, gamma=None, gammaErrorPolicy='raise', kwargs=UNKNOWN, lms=UNKNOWN, monitor=<psychopy.monitors.calibTools.Monitor object at 0x12fec5a90>, multiSample=False, name='window1', numSamples=2, pos=[0.0, 0.0], screen=0, size=array([1440,  900]), stereo=False, units='height', useFBO=True, useRetina=False, viewOri=0.0, viewPos=None, viewScale=None, waitBlanking=True, winType='pyglet')
23.7946 	EXP 	window1: recordFrameIntervals = False
23.9626 	EXP 	window1: recordFrameIntervals = True
24.1465 	EXP 	window1: recordFrameIntervals = False
25.7997 	EXP 	Created InstruText = TextStim(__class__=<class 'psychopy.visual.text.TextStim'>, alignHoriz='center', alignVert='center', antialias=True, autoLog=True, bold=False, color='white', colorSpace='named', contrast=1.0, depth=0.0, flipHoriz=False, flipVert=False, font='Arial', fontFiles=[], height=0.05, italic=False, languageStyle='LTR', name='InstruText', opacity=1.0, ori=0, pos=array([0., 0.]), rgb=array([255., 255., 255.]), text=str(...), units='height', win=Window(...), wrapWidth=1)
25.8272 	EXP 	Created Target = TextStim(__class__=<class 'psychopy.visual.text.TextStim'>, alignHoriz='center', alignVert='center', antialias=True, autoLog=True, bold=False, color='white', colorSpace='named', contrast=1.0, depth=0.0, flipHoriz=False, flipVert=False, font='Arial', fontFiles=[], height=0.1, italic=False, languageStyle='LTR', name='Target', opacity=1.0, ori=0, pos=array([0., 0.]), rgb=array([255., 255., 255.]), text='default text', units='height', win=Window(...), wrapWidth=1)
25.9073 	EXP 	Created image = ImageStim(__class__=<class 'psychopy.visual.image.ImageStim'>, autoLog=True, color=array([1., 1., 1.]), colorSpace='rgb', contrast=1.0, depth=-1.0, flipHoriz=False, flipVert=False, image='sin', interpolate=True, mask=None, maskParams=None, name='image', opacity=1.0, ori=0.0, pos=array([0., 0.]), size=array([0.5, 0.5]), texRes=128, units='height', win=Window(...))
25.9466 	EXP 	InstruText: autoDraw = True
26.7263 	EXP 	Imported conditions.xlsx as conditions, 10 conditions, 4 params
26.7549 	EXP 	Created sequence: random, trialTypes=10, nReps=5, seed=None
26.7638 	EXP 	New trial (rep=0, index=0): OrderedDict([('word', 'blue'), ('colour', 'yellow'), ('congruent', 0), ('corrAns', 'up')])
26.7967 	DATA 	Keypress: space
26.8137 	EXP 	InstruText: autoDraw = False
26.8137 	EXP 	Target: color = 'yellow (named)'
26.8137 	EXP 	Target: text = 'blue'
27.2625 	EXP 	Target: autoDraw = True
28.6208 	DATA 	Keypress: down
28.6307 	EXP 	Target: autoDraw = False
28.6307 	EXP 	image: image = 'incorrect.jpeg'
28.6307 	EXP 	image: autoDraw = True
29.4495 	EXP 	New trial (rep=0, index=1): OrderedDict([('word', 'red'), ('colour', 'yellow'), ('congruent', 0), ('corrAns', 'up')])
29.4807 	EXP 	image: autoDraw = False
29.4807 	EXP 	Target: color = 'yellow (named)'
29.4807 	EXP 	Target: text = 'red'
29.9640 	EXP 	Target: autoDraw = True
30.5510 	DATA 	Keypress: right
30.5641 	EXP 	Target: autoDraw = False
30.5641 	EXP 	image: image = 'incorrect.jpeg'
30.5641 	EXP 	image: autoDraw = True
31.5153 	EXP 	New trial (rep=0, index=2): OrderedDict([('word', 'yellow'), ('colour', 'yellow'), ('congruent', 1), ('corrAns', 'up')])
31.5470 	EXP 	image: autoDraw = False
31.5470 	EXP 	Target: color = 'yellow (named)'
31.5470 	EXP 	Target: text = 'yellow'
32.0309 	EXP 	Target: autoDraw = True
32.6712 	DATA 	Keypress: escape
33.1631 	EXP 	window1: mouseVisible = True
