23.8072 	EXP 	Created window1 = Window(allowGUI=False, allowStencil=False, args=UNKNOWN, autoLog=True, bitsMode=UNKNOWN, blendMode='avg', color=array([0., 0., 0.]), colorSpace='rgb', fullscr=<method-wrapper '__getattribute__' of attributeSetter object at 0x12f0dfb70>, gamma=None, gammaErrorPolicy='raise', kwargs=UNKNOWN, lms=UNKNOWN, monitor=<psychopy.monitors.calibTools.Monitor object at 0x12f02ca90>, multiSample=False, name='window1', numSamples=2, pos=[0.0, 0.0], screen=0, size=array([1440,  900]), stereo=False, units='height', useFBO=True, useRetina=False, viewOri=0.0, viewPos=None, viewScale=None, waitBlanking=True, winType='pyglet')
23.8074 	EXP 	window1: recordFrameIntervals = False
23.9806 	EXP 	window1: recordFrameIntervals = True
24.1807 	EXP 	window1: recordFrameIntervals = False
25.8131 	EXP 	Created InstruText = TextStim(__class__=<class 'psychopy.visual.text.TextStim'>, alignHoriz='center', alignVert='center', antialias=True, autoLog=True, bold=False, color='white', colorSpace='named', contrast=1.0, depth=0.0, flipHoriz=False, flipVert=False, font='Arial', fontFiles=[], height=0.05, italic=False, languageStyle='LTR', name='InstruText', opacity=1.0, ori=0, pos=array([0., 0.]), rgb=array([255., 255., 255.]), text=str(...), units='height', win=Window(...), wrapWidth=1)
25.8455 	EXP 	Created Target = TextStim(__class__=<class 'psychopy.visual.text.TextStim'>, alignHoriz='center', alignVert='center', antialias=True, autoLog=True, bold=False, color='white', colorSpace='named', contrast=1.0, depth=0.0, flipHoriz=False, flipVert=False, font='Arial', fontFiles=[], height=0.1, italic=False, languageStyle='LTR', name='Target', opacity=1.0, ori=0, pos=array([0., 0.]), rgb=array([255., 255., 255.]), text='default text', units='height', win=Window(...), wrapWidth=1)
25.9813 	EXP 	Created image = ImageStim(__class__=<class 'psychopy.visual.image.ImageStim'>, autoLog=True, color=array([1., 1., 1.]), colorSpace='rgb', contrast=1.0, depth=-1.0, flipHoriz=False, flipVert=False, image='sin', interpolate=True, mask=None, maskParams=None, name='image', opacity=1.0, ori=0.0, pos=array([0., 0.]), size=array([0.5, 0.5]), texRes=128, units='height', win=Window(...))
26.0137 	EXP 	InstruText: autoDraw = True
26.6150 	DATA 	Keypress: space
26.8319 	EXP 	Imported conditions.xlsx as conditions, 10 conditions, 4 params
26.8470 	EXP 	Created sequence: random, trialTypes=10, nReps=5, seed=None
26.8558 	EXP 	New trial (rep=0, index=0): OrderedDict([('word', 'red'), ('colour', 'yellow'), ('congruent', 0), ('corrAns', 'up')])
26.8804 	EXP 	InstruText: autoDraw = False
26.8804 	EXP 	Target: color = 'yellow (named)'
26.8804 	EXP 	Target: text = 'red'
27.3630 	EXP 	Target: autoDraw = True
27.9904 	DATA 	Keypress: down
28.0144 	EXP 	Target: autoDraw = False
28.0144 	EXP 	image: image = 'incorrect.jpeg'
28.0144 	EXP 	image: autoDraw = True
28.4996 	DATA 	Keypress: up
28.8160 	EXP 	New trial (rep=0, index=1): OrderedDict([('word', 'blue'), ('colour', 'green'), ('congruent', 0), ('corrAns', 'down')])
28.8316 	EXP 	image: autoDraw = False
28.8316 	EXP 	Target: color = 'green (named)'
28.8316 	EXP 	Target: text = 'blue'
29.3306 	EXP 	Target: autoDraw = True
29.7283 	DATA 	Keypress: right
29.7503 	EXP 	Target: autoDraw = False
29.7503 	EXP 	image: image = 'incorrect.jpeg'
29.7503 	EXP 	image: autoDraw = True
30.3008 	DATA 	Keypress: left
30.6994 	EXP 	New trial (rep=0, index=2): OrderedDict([('word', 'green'), ('colour', 'green'), ('congruent', 1), ('corrAns', 'down')])
30.7308 	EXP 	image: autoDraw = False
30.7308 	EXP 	Target: color = 'green (named)'
30.7308 	EXP 	Target: text = 'green'
31.2146 	EXP 	Target: autoDraw = True
31.7015 	DATA 	Keypress: escape
32.1551 	EXP 	window1: mouseVisible = True
